<?xml version="1.0" encoding="UTF-8"?>
<testsuite xmlns:xsi="http://www.w3.org/2001/XMLSchema-instance" xsi:noNamespaceSchemaLocation="https://maven.apache.org/surefire/maven-surefire-plugin/xsd/surefire-test-report.xsd" version="3.0.2" name="com.example.demo.controller.TestControllerTest" time="1.817" tests="8" errors="0" skipped="0" failures="0">
  <properties>
[...]
</properties>
  <testcase name="login_WithValidCredentials_ShouldReturnToken" classname="com.example.demo.controller.TestControllerTest" time="0.151">
    <system-out><![CDATA[00:32:53.955 [main] INFO org.springframework.test.context.support.AnnotationConfigContextLoaderUtils -- Could not detect default configuration classes for test class [com.example.demo.controller.TestControllerTest]: TestControllerTest does not declare any static, non-private, non-final, nested classes annotated with @Configuration.
00:32:54.047 [main] INFO org.springframework.boot.test.context.SpringBootTestContextBootstrapper -- Found @SpringBootConfiguration com.example.demo.DemoApplication for test class com.example.demo.controller.TestControllerTest

  .   ____          _            __ _ _
 /\\ / ___'_ __ _ _(_)_ __  __ _ \ \ \ \
( ( )\___ | '_ | '_| | '_ \/ _` | \ \ \ \
 \\/  ___)| |_)| | | | | || (_| |  ) ) ) )
  '  |____| .__|_| |_|_| |_\__, | / / / /
 =========|_|==============|___/=/_/_/_/

 :: Spring Boot ::             (v3.5.0-M1)

2026-01-06T00:32:54.266+01:00  INFO 78769 --- [demo] [           main] c.e.demo.controller.TestControllerTest   : Starting TestControllerTest using Java 21.0.7 with PID 78769 (started by kalafighter in /Users/kalafighter/Downloads/spring projects/expenseTracker/ExpenseManager-backend)
2026-01-06T00:32:54.266+01:00  INFO 78769 --- [demo] [           main] c.e.demo.controller.TestControllerTest   : No active profile set, falling back to 1 default profile: "default"
2026-01-06T00:32:55.153+01:00  INFO 78769 --- [demo] [           main] o.s.v.b.OptionalValidatorFactoryBean     : Failed to set up a Bean Validation provider: jakarta.validation.NoProviderFoundException: Unable to create a Configuration, because no Jakarta Validation provider could be found. Add a provider like Hibernate Validator (RI) to your classpath.
2026-01-06T00:32:55.378+01:00  INFO 78769 --- [demo] [           main] r$InitializeUserDetailsManagerConfigurer : Global AuthenticationManager configured with UserDetailsService bean with name inMemoryUserDetailsManager
2026-01-06T00:32:55.461+01:00  INFO 78769 --- [demo] [           main] o.s.b.t.m.w.SpringBootMockServletContext : Initializing Spring TestDispatcherServlet ''
2026-01-06T00:32:55.461+01:00  INFO 78769 --- [demo] [           main] o.s.t.web.servlet.TestDispatcherServlet  : Initializing Servlet ''
2026-01-06T00:32:55.462+01:00  INFO 78769 --- [demo] [           main] o.s.t.web.servlet.TestDispatcherServlet  : Completed initialization in 1 ms
2026-01-06T00:32:55.478+01:00  INFO 78769 --- [demo] [           main] c.e.demo.controller.TestControllerTest   : Started TestControllerTest in 1.383 seconds (process running for 1.974)
]]></system-out>
    <system-err><![CDATA[Mockito is currently self-attaching to enable the inline-mock-maker. This will no longer work in future releases of the JDK. Please add Mockito as an agent to your build as described in Mockito's documentation: https://javadoc.io/doc/org.mockito/mockito-core/latest/org/mockito/Mockito.html#0.3
WARNING: A Java agent has been loaded dynamically (/Users/kalafighter/.m2/repository/net/bytebuddy/byte-buddy-agent/1.16.1/byte-buddy-agent-1.16.1.jar)
WARNING: If a serviceability tool is in use, please run with -XX:+EnableDynamicAgentLoading to hide this warning
WARNING: If a serviceability tool is not in use, please run with -Djdk.instrument.traceUsage for more information
WARNING: Dynamic loading of agents will be disallowed by default in a future release
]]></system-err>
  </testcase>
  <testcase name="login_WithEmptyCredentials_ShouldHandleGracefully" classname="com.example.demo.controller.TestControllerTest" time="0.004"/>
  <testcase name="registerUser_WithInvalidJson_ShouldReturnBadRequest" classname="com.example.demo.controller.TestControllerTest" time="0.007">
    <system-out><![CDATA[2026-01-06T00:32:55.645+01:00  WARN 78769 --- [demo] [           main] .w.s.m.s.DefaultHandlerExceptionResolver : Resolved [org.springframework.http.converter.HttpMessageNotReadableException: JSON parse error: Unexpected character ('u' (code 117)): was expecting double-quote to start field name]
]]></system-out>
  </testcase>
  <testcase name="homeEndpoint_ShouldReturnWelcomeMessage" classname="com.example.demo.controller.TestControllerTest" time="0.004"/>
  <testcase name="homeEndpoint_ShouldNotRequireAuthentication" classname="com.example.demo.controller.TestControllerTest" time="0.003"/>
  <testcase name="registerUser_WithMissingRequiredFields_ShouldStillProcess" classname="com.example.demo.controller.TestControllerTest" time="0.006"/>
  <testcase name="login_WithInvalidCredentials_ShouldReturnErrorMessage" classname="com.example.demo.controller.TestControllerTest" time="0.003"/>
  <testcase name="registerUser_WithValidUserData_ShouldReturnUser" classname="com.example.demo.controller.TestControllerTest" time="0.003"/>
</testsuite>