<?xml version="1.0" encoding="UTF-8"?>
<testsuite xmlns:xsi="http://www.w3.org/2001/XMLSchema-instance" xsi:noNamespaceSchemaLocation="https://maven.apache.org/surefire/maven-surefire-plugin/xsd/surefire-test-report.xsd" version="3.0.2" name="com.example.demo.service.JWTServiceTest" time="0.533" tests="16" errors="0" skipped="0" failures="0">
  <properties>
[...]
</properties>
  <testcase name="token_WithDifferentSecretKey_ShouldNotBeValid" classname="com.example.demo.service.JWTServiceTest" time="0.055">
    <system-out><![CDATA[Note: If secret key changes, all existing tokens become invalid
This is a security feature, not a bug!
]]></system-out>
  </testcase>
  <testcase name="validateToken_WithWrongUserDetails_ShouldReturnFalse" classname="com.example.demo.service.JWTServiceTest" time="0.278">
    <system-out><![CDATA[Token will expire at: Thu Jan 15 08:24:10 CET 2026
]]></system-out>
  </testcase>
  <testcase name="generateToken_Performance_MultipleTokensQuickly" classname="com.example.demo.service.JWTServiceTest" time="0.029">
    <system-out><![CDATA[Token will expire at: Thu Jan 15 08:24:11 CET 2026
Token will expire at: Thu Jan 15 08:24:11 CET 2026
Token will expire at: Thu Jan 15 08:24:11 CET 2026
Token will expire at: Thu Jan 15 08:24:11 CET 2026
Token will expire at: Thu Jan 15 08:24:11 CET 2026
Token will expire at: Thu Jan 15 08:24:11 CET 2026
Token will expire at: Thu Jan 15 08:24:11 CET 2026
Token will expire at: Thu Jan 15 08:24:11 CET 2026
Token will expire at: Thu Jan 15 08:24:11 CET 2026
Token will expire at: Thu Jan 15 08:24:11 CET 2026
Token will expire at: Thu Jan 15 08:24:11 CET 2026
Token will expire at: Thu Jan 15 08:24:11 CET 2026
Token will expire at: Thu Jan 15 08:24:11 CET 2026
Token will expire at: Thu Jan 15 08:24:11 CET 2026
Token will expire at: Thu Jan 15 08:24:11 CET 2026
Token will expire at: Thu Jan 15 08:24:11 CET 2026
Token will expire at: Thu Jan 15 08:24:11 CET 2026
Token will expire at: Thu Jan 15 08:24:11 CET 2026
Token will expire at: Thu Jan 15 08:24:11 CET 2026
Token will expire at: Thu Jan 15 08:24:11 CET 2026
Token will expire at: Thu Jan 15 08:24:11 CET 2026
Token will expire at: Thu Jan 15 08:24:11 CET 2026
Token will expire at: Thu Jan 15 08:24:11 CET 2026
Token will expire at: Thu Jan 15 08:24:11 CET 2026
Token will expire at: Thu Jan 15 08:24:11 CET 2026
Token will expire at: Thu Jan 15 08:24:11 CET 2026
Token will expire at: Thu Jan 15 08:24:11 CET 2026
Token will expire at: Thu Jan 15 08:24:11 CET 2026
Token will expire at: Thu Jan 15 08:24:11 CET 2026
Token will expire at: Thu Jan 15 08:24:11 CET 2026
Token will expire at: Thu Jan 15 08:24:11 CET 2026
Token will expire at: Thu Jan 15 08:24:11 CET 2026
Token will expire at: Thu Jan 15 08:24:11 CET 2026
Token will expire at: Thu Jan 15 08:24:11 CET 2026
Token will expire at: Thu Jan 15 08:24:11 CET 2026
Token will expire at: Thu Jan 15 08:24:11 CET 2026
Token will expire at: Thu Jan 15 08:24:11 CET 2026
Token will expire at: Thu Jan 15 08:24:11 CET 2026
Token will expire at: Thu Jan 15 08:24:11 CET 2026
Token will expire at: Thu Jan 15 08:24:11 CET 2026
Token will expire at: Thu Jan 15 08:24:11 CET 2026
Token will expire at: Thu Jan 15 08:24:11 CET 2026
Token will expire at: Thu Jan 15 08:24:11 CET 2026
Token will expire at: Thu Jan 15 08:24:11 CET 2026
Token will expire at: Thu Jan 15 08:24:11 CET 2026
Token will expire at: Thu Jan 15 08:24:11 CET 2026
Token will expire at: Thu Jan 15 08:24:11 CET 2026
Token will expire at: Thu Jan 15 08:24:11 CET 2026
Token will expire at: Thu Jan 15 08:24:11 CET 2026
Token will expire at: Thu Jan 15 08:24:11 CET 2026
Token will expire at: Thu Jan 15 08:24:11 CET 2026
Token will expire at: Thu Jan 15 08:24:11 CET 2026
Token will expire at: Thu Jan 15 08:24:11 CET 2026
Token will expire at: Thu Jan 15 08:24:11 CET 2026
Token will expire at: Thu Jan 15 08:24:11 CET 2026
Token will expire at: Thu Jan 15 08:24:11 CET 2026
Token will expire at: Thu Jan 15 08:24:11 CET 2026
Token will expire at: Thu Jan 15 08:24:11 CET 2026
Token will expire at: Thu Jan 15 08:24:11 CET 2026
Token will expire at: Thu Jan 15 08:24:11 CET 2026
Token will expire at: Thu Jan 15 08:24:11 CET 2026
Token will expire at: Thu Jan 15 08:24:11 CET 2026
Token will expire at: Thu Jan 15 08:24:11 CET 2026
Token will expire at: Thu Jan 15 08:24:11 CET 2026
Token will expire at: Thu Jan 15 08:24:11 CET 2026
Token will expire at: Thu Jan 15 08:24:11 CET 2026
Token will expire at: Thu Jan 15 08:24:11 CET 2026
Token will expire at: Thu Jan 15 08:24:11 CET 2026
Token will expire at: Thu Jan 15 08:24:11 CET 2026
Token will expire at: Thu Jan 15 08:24:11 CET 2026
Token will expire at: Thu Jan 15 08:24:11 CET 2026
Token will expire at: Thu Jan 15 08:24:11 CET 2026
Token will expire at: Thu Jan 15 08:24:11 CET 2026
Token will expire at: Thu Jan 15 08:24:11 CET 2026
Token will expire at: Thu Jan 15 08:24:11 CET 2026
Token will expire at: Thu Jan 15 08:24:11 CET 2026
Token will expire at: Thu Jan 15 08:24:11 CET 2026
Token will expire at: Thu Jan 15 08:24:11 CET 2026
Token will expire at: Thu Jan 15 08:24:11 CET 2026
Token will expire at: Thu Jan 15 08:24:11 CET 2026
Token will expire at: Thu Jan 15 08:24:11 CET 2026
Token will expire at: Thu Jan 15 08:24:11 CET 2026
Token will expire at: Thu Jan 15 08:24:11 CET 2026
Token will expire at: Thu Jan 15 08:24:11 CET 2026
Token will expire at: Thu Jan 15 08:24:11 CET 2026
Token will expire at: Thu Jan 15 08:24:11 CET 2026
Token will expire at: Thu Jan 15 08:24:11 CET 2026
Token will expire at: Thu Jan 15 08:24:11 CET 2026
Token will expire at: Thu Jan 15 08:24:11 CET 2026
Token will expire at: Thu Jan 15 08:24:11 CET 2026
Token will expire at: Thu Jan 15 08:24:11 CET 2026
Token will expire at: Thu Jan 15 08:24:11 CET 2026
Token will expire at: Thu Jan 15 08:24:11 CET 2026
Token will expire at: Thu Jan 15 08:24:11 CET 2026
Token will expire at: Thu Jan 15 08:24:11 CET 2026
Token will expire at: Thu Jan 15 08:24:11 CET 2026
Token will expire at: Thu Jan 15 08:24:11 CET 2026
Token will expire at: Thu Jan 15 08:24:11 CET 2026
Token will expire at: Thu Jan 15 08:24:11 CET 2026
Token will expire at: Thu Jan 15 08:24:11 CET 2026
Generated 100 tokens in 26ms
Average: 0.26ms per token
]]></system-out>
  </testcase>
  <testcase name="validateToken_WithCorrectUserDetails_ShouldReturnTrue" classname="com.example.demo.service.JWTServiceTest" time="0.003">
    <system-out><![CDATA[Token will expire at: Thu Jan 15 08:24:11 CET 2026
]]></system-out>
  </testcase>
  <testcase name="generateToken_WithEmptyUsername_ShouldStillCreateToken" classname="com.example.demo.service.JWTServiceTest" time="0.005">
    <system-out><![CDATA[Token will expire at: Thu Jan 15 08:24:11 CET 2026
]]></system-out>
  </testcase>
  <testcase name="isTokenExpired_WithExpiredToken_ShouldReturnTrue" classname="com.example.demo.service.JWTServiceTest" time="0.004"/>
  <testcase name="validateToken_WithTokenExpiringSoon_ShouldStillBeValid" classname="com.example.demo.service.JWTServiceTest" time="0.001">
    <system-out><![CDATA[Token will expire at: Thu Jan 15 08:24:11 CET 2026
]]></system-out>
  </testcase>
  <testcase name="validateToken_WithSpecialCharactersInUsername_ShouldWork" classname="com.example.demo.service.JWTServiceTest" time="0.006">
    <system-out><![CDATA[Token will expire at: Thu Jan 15 08:24:11 CET 2026
Token will expire at: Thu Jan 15 08:24:11 CET 2026
Token will expire at: Thu Jan 15 08:24:11 CET 2026
Token will expire at: Thu Jan 15 08:24:11 CET 2026
Token will expire at: Thu Jan 15 08:24:11 CET 2026
Token will expire at: Thu Jan 15 08:24:11 CET 2026
]]></system-out>
  </testcase>
  <testcase name="generateToken_ShouldContainCorrectUsernameInSubject" classname="com.example.demo.service.JWTServiceTest" time="0.003">
    <system-out><![CDATA[Token will expire at: Thu Jan 15 08:24:11 CET 2026
Token will expire at: Thu Jan 15 08:24:11 CET 2026
Token will expire at: Thu Jan 15 08:24:11 CET 2026
Token will expire at: Thu Jan 15 08:24:11 CET 2026
]]></system-out>
  </testcase>
  <testcase name="extractUserName_WithInvalidToken_ShouldThrowException" classname="com.example.demo.service.JWTServiceTest" time="0.001"/>
  <testcase name="validateToken_WithTamperedToken_ShouldReturnFalse" classname="com.example.demo.service.JWTServiceTest" time="0.005">
    <system-out><![CDATA[Token will expire at: Thu Jan 15 08:24:11 CET 2026
]]></system-out>
  </testcase>
  <testcase name="getKey_ShouldAlwaysReturnSameKeyForSameSecret" classname="com.example.demo.service.JWTServiceTest" time="0.105">
    <system-out><![CDATA[Token will expire at: Thu Jan 15 08:24:11 CET 2026
Token will expire at: Thu Jan 15 08:24:11 CET 2026
Token will expire at: Thu Jan 15 08:24:11 CET 2026
]]></system-out>
  </testcase>
  <testcase name="generateToken_WithValidUsername_ShouldReturnValidJWT" classname="com.example.demo.service.JWTServiceTest" time="0.002">
    <system-out><![CDATA[Token will expire at: Thu Jan 15 08:24:11 CET 2026
]]></system-out>
  </testcase>
  <testcase name="extractExpiration_ShouldReturnFutureDate" classname="com.example.demo.service.JWTServiceTest" time="0.002">
    <system-out><![CDATA[Token will expire at: Thu Jan 15 08:24:11 CET 2026
]]></system-out>
  </testcase>
  <testcase name="extractUserName_WithValidToken_ShouldReturnCorrectUsername" classname="com.example.demo.service.JWTServiceTest" time="0.001">
    <system-out><![CDATA[Token will expire at: Thu Jan 15 08:24:11 CET 2026
]]></system-out>
  </testcase>
  <testcase name="generateToken_ShouldProduceDifferentTokensEachTime" classname="com.example.demo.service.JWTServiceTest" time="0.003">
    <system-out><![CDATA[Token will expire at: Thu Jan 15 08:24:11 CET 2026
Token will expire at: Thu Jan 15 08:24:11 CET 2026
]]></system-out>
  </testcase>
</testsuite>